<?xml version="1.0" encoding="UTF-8"?>
<!-- Generated by org.testng.reporters.JUnitReportReporter -->
<testsuite hostname="vasu-PC" name="com.vasu.testng.MultipleTest" tests="3" failures="0" timestamp="10 May 2019 00:32:58 GMT" time="0.009" errors="0">
  <testcase name="appLaunch" time="0.002" classname="com.vasu.testng.MultipleTest"/>
  <testcase name="appClose" time="0.003" classname="com.vasu.testng.MultipleTest"/>
  <testcase name="appLogin" time="0.004" classname="com.vasu.testng.MultipleTest"/>
</testsuite> <!-- com.vasu.testng.MultipleTest -->
