<?xml version="1.0" encoding="UTF-8"?>
<!-- Generated by org.testng.reporters.JUnitReportReporter -->
<testsuite hostname="vasu-PC" name="com.vasu.testng.Sample" tests="1" failures="0" timestamp="10 May 2019 00:32:58 GMT" time="0.003" errors="0">
  <testcase name="first" time="0.003" classname="com.vasu.testng.Sample"/>
</testsuite> <!-- com.vasu.testng.Sample -->
