<?xml version="1.0" encoding="UTF-8"?>
<!-- Generated by org.testng.reporters.JUnitReportReporter -->
<testsuite hostname="vasu-PC" name="com.vasu.testng.EmpList" tests="1" failures="0" timestamp="14 May 2019 00:55:54 GMT" time="14.891" errors="0">
  <testcase name="empList" time="14.891" classname="com.vasu.testng.EmpList"/>
</testsuite> <!-- com.vasu.testng.EmpList -->
