<?xml version="1.0" encoding="UTF-8"?>
<!-- Generated by org.testng.reporters.JUnitReportReporter -->
<testsuite hostname="vasu-PC" name="com.vasu.testng.EmpReg" tests="1" failures="0" timestamp="14 May 2019 00:55:54 GMT" time="11.097" errors="0">
  <testcase name="empReg" time="11.097" classname="com.vasu.testng.EmpReg"/>
</testsuite> <!-- com.vasu.testng.EmpReg -->
