<?xml version="1.0" encoding="UTF-8"?>
<!-- Generated by org.testng.reporters.JUnitReportReporter -->
<testsuite hostname="vasu-PC" name="com.vasu.testng.AnnotationsTest" tests="2" failures="0" timestamp="10 May 2019 00:32:58 GMT" time="0.013" errors="0">
  <testcase name="method2" time="0.004" classname="com.vasu.testng.AnnotationsTest"/>
  <testcase name="method1" time="0.009" classname="com.vasu.testng.AnnotationsTest"/>
</testsuite> <!-- com.vasu.testng.AnnotationsTest -->
