<?xml version="1.0" encoding="UTF-8"?>
<!-- Generated by org.testng.reporters.JUnitReportReporter -->
<testsuite hostname="vasu-PC" name="com.vasu.testng.BeforeTestAfterTest" tests="1" failures="0" timestamp="10 May 2019 00:32:58 GMT" time="3.231" errors="0">
  <testcase name="appLogin" time="3.231" classname="com.vasu.testng.BeforeTestAfterTest"/>
</testsuite> <!-- com.vasu.testng.BeforeTestAfterTest -->
